<?xml version="1.0" encoding="UTF-8"?>
<testng-results ignored="0" total="1" passed="0" failed="1" skipped="0">
  <reporter-output>
  </reporter-output>
  <suite started-at="2025-04-09T12:26:21 IST" name="Suite" finished-at="2025-04-09T12:26:22 IST" duration-ms="843">
    <groups>
    </groups>
    <test started-at="2025-04-09T12:26:21 IST" name="Test" finished-at="2025-04-09T12:26:22 IST" duration-ms="843">
      <class name="practiceframeworks.testngfmwk.logindpexcel">
        <test-method signature="signin([[Ljava.lang.String;)[pri:0, instance:practiceframeworks.testngfmwk.logindpexcel@13fd2ccd]" started-at="2025-04-09T12:26:21 IST" name="signin" data-provider="getData" finished-at="2025-04-09T12:26:22 IST" duration-ms="814" status="FAIL">
          <exception class="org.testng.internal.reflect.MethodMatcherException">
            <message>
              <![CDATA[
[public void practiceframeworks.testngfmwk.logindpexcel.signin(java.lang.String[][])] has no parameters defined but was found to be using a data provider (either explicitly specified or inherited from class level annotation).
Data provider mismatch
Method: signin([Parameter{index=0, type=[[Ljava.lang.String;, declaredAnnotations=[]}])
Arguments: [(java.lang.String) ncshalini91@gmail.com,(java.lang.String) shalini]]]>
            </message>
            <full-stacktrace>
              <![CDATA[org.testng.internal.reflect.MethodMatcherException: 
[public void practiceframeworks.testngfmwk.logindpexcel.signin(java.lang.String[][])] has no parameters defined but was found to be using a data provider (either explicitly specified or inherited from class level annotation).
Data provider mismatch
Method: signin([Parameter{index=0, type=[[Ljava.lang.String;, declaredAnnotations=[]}])
Arguments: [(java.lang.String) ncshalini91@gmail.com,(java.lang.String) shalini]
at org.testng.internal.reflect.DataProviderMethodMatcher.getConformingArguments(DataProviderMethodMatcher.java:43)
at org.testng.internal.Parameters.injectParameters(Parameters.java:914)
at org.testng.internal.MethodRunner.runInSequence(MethodRunner.java:34)
at org.testng.internal.TestInvoker$MethodInvocationAgent.invoke(TestInvoker.java:824)
at org.testng.internal.TestInvoker.invokeTestMethods(TestInvoker.java:146)
at org.testng.internal.TestMethodWorker.invokeTestMethods(TestMethodWorker.java:146)
at org.testng.internal.TestMethodWorker.run(TestMethodWorker.java:128)
at java.base/java.util.ArrayList.forEach(ArrayList.java:1597)
at org.testng.TestRunner.privateRun(TestRunner.java:794)
at org.testng.TestRunner.run(TestRunner.java:596)
at org.testng.SuiteRunner.runTest(SuiteRunner.java:377)
at org.testng.SuiteRunner.runSequentially(SuiteRunner.java:371)
at org.testng.SuiteRunner.privateRun(SuiteRunner.java:332)
at org.testng.SuiteRunner.run(SuiteRunner.java:276)
at org.testng.SuiteRunnerWorker.runSuite(SuiteRunnerWorker.java:53)
at org.testng.SuiteRunnerWorker.run(SuiteRunnerWorker.java:96)
at org.testng.TestNG.runSuitesSequentially(TestNG.java:1212)
at org.testng.TestNG.runSuitesLocally(TestNG.java:1134)
at org.testng.TestNG.runSuites(TestNG.java:1063)
at org.testng.TestNG.run(TestNG.java:1031)
at org.testng.remote.AbstractRemoteTestNG.run(AbstractRemoteTestNG.java:115)
at org.testng.remote.RemoteTestNG.initAndRun(RemoteTestNG.java:293)
at org.testng.remote.RemoteTestNG.main(RemoteTestNG.java:91)
]]>
            </full-stacktrace>
          </exception> <!-- org.testng.internal.reflect.MethodMatcherException -->
          <reporter-output>
          </reporter-output>
        </test-method> <!-- signin -->
      </class> <!-- practiceframeworks.testngfmwk.logindpexcel -->
    </test> <!-- Test -->
  </suite> <!-- Suite -->
</testng-results>
