<?xml version="1.0" encoding="UTF-8"?>
<!-- Generated by org.testng.reporters.JUnitXMLReporter -->
<testsuite ignored="0" hostname="DESKTOP-I0QSALS" failures="1" tests="1" name="Test" time="0.843" errors="0" timestamp="2025-04-09T12:26:22 IST">
  <testcase classname="practiceframeworks.testngfmwk.logindpexcel" name="signin" time="0.814">
    <failure type="org.testng.internal.reflect.MethodMatcherException" message="
[public void practiceframeworks.testngfmwk.logindpexcel.signin(java.lang.String[][])] has no parameters defined but was found to be using a data provider (either explicitly specified or inherited from class level annotation).
Data provider mismatch
Method: signin([Parameter{index=0, type=[[Ljava.lang.String;, declaredAnnotations=[]}])
Arguments: [(java.lang.String) ncshalini91@gmail.com,(java.lang.String) shalini]">
      <![CDATA[org.testng.internal.reflect.MethodMatcherException: 
[public void practiceframeworks.testngfmwk.logindpexcel.signin(java.lang.String[][])] has no parameters defined but was found to be using a data provider (either explicitly specified or inherited from class level annotation).
Data provider mismatch
Method: signin([Parameter{index=0, type=[[Ljava.lang.String;, declaredAnnotations=[]}])
Arguments: [(java.lang.String) ncshalini91@gmail.com,(java.lang.String) shalini]
at java.base/java.util.ArrayList.forEach(ArrayList.java:1597)
... Removed 22 stack frames]]>
    </failure>
  </testcase> <!-- signin -->
</testsuite> <!-- Test -->
